<?xml version="1.0" encoding="utf-8"?><testsuites name="pytest tests"><testsuite name="pytest" errors="0" failures="0" skipped="0" tests="17" time="43.128" timestamp="2026-04-17T17:12:35.463050+00:00" hostname="agent-env-5b156943-6e64-49ff-b883-1ba6b0b36eb2"><testcase classname="backend.tests.test_api.TestHealthEndpoint" name="test_health_returns_200" time="0.234" /><testcase classname="backend.tests.test_api.TestUnauthenticatedAccess" name="test_auth_me_unauthenticated_returns_401" time="0.145" /><testcase classname="backend.tests.test_api.TestUnauthenticatedAccess" name="test_profile_unauthenticated_returns_401" time="0.144" /><testcase classname="backend.tests.test_api.TestUnauthenticatedAccess" name="test_analyses_post_unauthenticated_returns_401" time="0.146" /><testcase classname="backend.tests.test_api.TestAuthenticatedAccess" name="test_auth_me_with_valid_session" time="0.090" /><testcase classname="backend.tests.test_api.TestAuthenticatedAccess" name="test_expired_session_returns_401" time="0.051" /><testcase classname="backend.tests.test_api.TestProfileEndpoints" name="test_get_profile" time="0.047" /><testcase classname="backend.tests.test_api.TestProfileEndpoints" name="test_update_profile" time="0.093" /><testcase classname="backend.tests.test_api.TestAnalysisEndpoints" name="test_create_analysis_returns_report" time="19.121" /><testcase classname="backend.tests.test_api.TestAnalysisEndpoints" name="test_list_analyses" time="0.048" /><testcase classname="backend.tests.test_api.TestAnalysisEndpoints" name="test_get_single_analysis" time="0.096" /><testcase classname="backend.tests.test_api.TestAnalysisEndpoints" name="test_delete_analysis" time="20.864" /><testcase classname="backend.tests.test_api.TestCVUpload" name="test_upload_cv_parses_profile" time="1.811" /><testcase classname="backend.tests.test_api.TestLogout" name="test_logout_deletes_session" time="0.048" /><testcase classname="backend.tests.test_api.TestNoMongoIdLeak" name="test_auth_me_no_id_leak" time="0.049" /><testcase classname="backend.tests.test_api.TestNoMongoIdLeak" name="test_profile_no_id_leak" time="0.046" /><testcase classname="backend.tests.test_api.TestNoMongoIdLeak" name="test_analyses_list_no_id_leak" time="0.045" /></testsuite></testsuites>